2021-01-24 11:49:37,480 - mmdet - INFO - Environment info:
------------------------------------------------------------
sys.platform:darwin
Python:3.6.6 (v3.6.6:4cf1f54eb7, Jun 26 2018, 19:50:54) [GCC 4.2.1 Compatible Apple LLVM 6.0 (clang-600.0.57)]
CUDA available:False
GCC:Apple clang version 12.0.0 (clang-1200.0.32.28)
PyTorch:1.7.1
PyTorch compiling details:PyTorch built with:
  - GCC 4.2
  - C++ Version: 201402
  - clang 11.0.0
  - Intel(R) Math Kernel Library Version 2020.0.1 Product Build 20200208 for Intel(R) 64 architecture applications
  - Intel(R) MKL-DNN v1.6.0 (Git Hash 5ef631a030a6f73131c77892041042805a06064f)
  - NNPACK is enabled
  - CPU capability usage: AVX2
  - Build settings: BLAS=MKL, BUILD_TYPE=Release, CXX_FLAGS= -Wno-deprecated -fvisibility-inlines-hidden -Wno-deprecated-declarations -DUSE_PTHREADPOOL -DNDEBUG -DUSE_FBGEMM -DUSE_QNNPACK -DUSE_PYTORCH_QNNPACK -DUSE_XNNPACK -DUSE_VULKAN_WRAPPER -O2 -fPIC -Wno-narrowing -Wall -Wextra -Werror=return-type -Wno-missing-field-initializers -Wno-type-limits -Wno-array-bounds -Wno-unknown-pragmas -Wno-sign-compare -Wno-unused-parameter -Wno-unused-variable -Wno-unused-function -Wno-unused-result -Wno-unused-local-typedefs -Wno-strict-overflow -Wno-strict-aliasing -Wno-error=deprecated-declarations -Wno-error=pedantic -Wno-error=redundant-decls -Wno-error=old-style-cast -Wno-invalid-partial-specialization -Wno-typedef-redefinition -Wno-unknown-warning-option -Wno-unused-private-field -Wno-inconsistent-missing-override -Wno-aligned-allocation-unavailable -Wno-c++14-extensions -Wno-constexpr-not-const -Wno-missing-braces -Qunused-arguments -fcolor-diagnostics -fno-math-errno -fno-trapping-math -Werror=format -Wno-unused-private-field -Wno-missing-braces -Wno-c++14-extensions -Wno-constexpr-not-const, PERF_WITH_AVX=1, PERF_WITH_AVX2=1, PERF_WITH_AVX512=1, USE_CUDA=OFF, USE_EXCEPTION_PTR=1, USE_GFLAGS=OFF, USE_GLOG=OFF, USE_MKL=ON, USE_MKLDNN=ON, USE_MPI=OFF, USE_NCCL=OFF, USE_NNPACK=ON, USE_OPENMP=OFF, 

TorchVision:0.8.2
OpenCV:4.2.0
MMCV:1.2.6
MMCV Compiler:clang 12.0.0
MMCV CUDA Compiler:not available
MMDetection:2.8.0+50ac542
------------------------------------------------------------

2021-01-24 11:49:38,459 - mmdet - INFO - Distributed training:True
