2021-01-24 13:38:48,634 - mmdet - INFO - Environment info:
------------------------------------------------------------
sys.platform:darwin
Python:3.6.6 (v3.6.6:4cf1f54eb7, Jun 26 2018, 19:50:54) [GCC 4.2.1 Compatible Apple LLVM 6.0 (clang-600.0.57)]
CUDA available:False
GCC:Apple clang version 12.0.0 (clang-1200.0.32.28)
PyTorch:1.7.1
PyTorch compiling details:PyTorch built with:
  - GCC 4.2
  - C++ Version: 201402
  - clang 11.0.0
  - Intel(R) Math Kernel Library Version 2020.0.1 Product Build 20200208 for Intel(R) 64 architecture applications
  - Intel(R) MKL-DNN v1.6.0 (Git Hash 5ef631a030a6f73131c77892041042805a06064f)
  - NNPACK is enabled
  - CPU capability usage: AVX2
  - Build settings: BLAS=MKL, BUILD_TYPE=Release, CXX_FLAGS= -Wno-deprecated -fvisibility-inlines-hidden -Wno-deprecated-declarations -DUSE_PTHREADPOOL -DNDEBUG -DUSE_FBGEMM -DUSE_QNNPACK -DUSE_PYTORCH_QNNPACK -DUSE_XNNPACK -DUSE_VULKAN_WRAPPER -O2 -fPIC -Wno-narrowing -Wall -Wextra -Werror=return-type -Wno-missing-field-initializers -Wno-type-limits -Wno-array-bounds -Wno-unknown-pragmas -Wno-sign-compare -Wno-unused-parameter -Wno-unused-variable -Wno-unused-function -Wno-unused-result -Wno-unused-local-typedefs -Wno-strict-overflow -Wno-strict-aliasing -Wno-error=deprecated-declarations -Wno-error=pedantic -Wno-error=redundant-decls -Wno-error=old-style-cast -Wno-invalid-partial-specialization -Wno-typedef-redefinition -Wno-unknown-warning-option -Wno-unused-private-field -Wno-inconsistent-missing-override -Wno-aligned-allocation-unavailable -Wno-c++14-extensions -Wno-constexpr-not-const -Wno-missing-braces -Qunused-arguments -fcolor-diagnostics -fno-math-errno -fno-trapping-math -Werror=format -Wno-unused-private-field -Wno-missing-braces -Wno-c++14-extensions -Wno-constexpr-not-const, PERF_WITH_AVX=1, PERF_WITH_AVX2=1, PERF_WITH_AVX512=1, USE_CUDA=OFF, USE_EXCEPTION_PTR=1, USE_GFLAGS=OFF, USE_GLOG=OFF, USE_MKL=ON, USE_MKLDNN=ON, USE_MPI=OFF, USE_NCCL=OFF, USE_NNPACK=ON, USE_OPENMP=OFF, 

TorchVision:0.8.2
OpenCV:4.2.0
MMCV:1.2.6
MMCV Compiler:clang 12.0.0
MMCV CUDA Compiler:not available
MMDetection:2.8.0+50ac542
------------------------------------------------------------

2021-01-24 13:38:49,653 - mmdet - INFO - Distributed training:True
2021-01-24 13:38:50,627 - mmdet - INFO - Config:
cudnn_benchmark = True
norm_cfg = dict(type='BN', momentum=0.01, eps=0.001, requires_grad=True)
model = dict(
    type='RetinaNet',
    backbone=dict(
        type='SpineNet',
        arch='49S',
        norm_cfg=dict(type='BN', momentum=0.01, eps=0.001,
                      requires_grad=True)),
    neck=None,
    bbox_head=dict(
        type='RetinaSepBNHead',
        num_classes=81,
        num_ins=5,
        in_channels=128,
        stacked_convs=4,
        feat_channels=128,
        octave_base_scale=3,
        scales_per_octave=3,
        anchor_ratios=[0.5, 1.0, 2.0],
        anchor_strides=[8, 16, 32, 64, 128],
        target_means=[0.0, 0.0, 0.0, 0.0],
        target_stds=[1.0, 1.0, 1.0, 1.0],
        norm_cfg=dict(type='BN', momentum=0.01, eps=0.001, requires_grad=True),
        loss_cls=dict(
            type='FocalLoss',
            use_sigmoid=True,
            gamma=2.0,
            alpha=0.25,
            loss_weight=1.0),
        loss_bbox=dict(type='SmoothL1Loss', beta=0.11, loss_weight=1.0)))
train_cfg = dict(
    assigner=dict(
        type='MaxIoUAssigner',
        pos_iou_thr=0.5,
        neg_iou_thr=0.5,
        min_pos_iou=0,
        ignore_iof_thr=-1),
    allowed_border=-1,
    pos_weight=-1,
    debug=False)
test_cfg = dict(
    nms_pre=1000,
    min_bbox_size=0,
    score_thr=0.05,
    nms=dict(type='nms', iou_thr=0.5),
    max_per_img=100)
dataset_type = 'CocoDataset'
data_root = 'data/cityscapes/cityscapes/'
img_norm_cfg = dict(
    mean=[123.675, 116.28, 103.53], std=[58.395, 57.12, 57.375], to_rgb=True)
train_pipeline = [
    dict(type='LoadImageFromFile'),
    dict(type='LoadAnnotations', with_bbox=True),
    dict(
        type='Resize',
        img_scale=(640, 640),
        ratio_range=(0.5, 2.0),
        keep_ratio=True),
    dict(type='RandomCrop', crop_size=(640, 640)),
    dict(type='RandomFlip', flip_ratio=0.5),
    dict(
        type='Normalize',
        mean=[123.675, 116.28, 103.53],
        std=[58.395, 57.12, 57.375],
        to_rgb=True),
    dict(type='Pad', size=(640, 640)),
    dict(type='DefaultFormatBundle'),
    dict(type='Collect', keys=['img', 'gt_bboxes', 'gt_labels'])
]
test_pipeline = [
    dict(type='LoadImageFromFile'),
    dict(
        type='MultiScaleFlipAug',
        img_scale=(640, 640),
        flip=False,
        transforms=[
            dict(type='Resize', keep_ratio=True),
            dict(type='RandomFlip'),
            dict(
                type='Normalize',
                mean=[123.675, 116.28, 103.53],
                std=[58.395, 57.12, 57.375],
                to_rgb=True),
            dict(type='Pad', size_divisor=128),
            dict(type='ImageToTensor', keys=['img']),
            dict(type='Collect', keys=['img'])
        ])
]
data = dict(
    imgs_per_gpu=8,
    workers_per_gpu=4,
    train=dict(
        type='CocoDataset',
        ann_file=
        'data/cityscapes/cityscapes/annotations/instancesonly_filtered_gtFine_train.json',
        img_prefix='data/cityscapes/cityscapes/gtFine/train',
        pipeline=[
            dict(type='LoadImageFromFile'),
            dict(type='LoadAnnotations', with_bbox=True),
            dict(
                type='Resize',
                img_scale=(640, 640),
                ratio_range=(0.5, 2.0),
                keep_ratio=True),
            dict(type='RandomCrop', crop_size=(640, 640)),
            dict(type='RandomFlip', flip_ratio=0.5),
            dict(
                type='Normalize',
                mean=[123.675, 116.28, 103.53],
                std=[58.395, 57.12, 57.375],
                to_rgb=True),
            dict(type='Pad', size=(640, 640)),
            dict(type='DefaultFormatBundle'),
            dict(type='Collect', keys=['img', 'gt_bboxes', 'gt_labels'])
        ]),
    val=dict(
        type='CocoDataset',
        ann_file=
        'data/cityscapes/cityscapes/annotations/instancesonly_filtered_gtFine_val.json',
        img_prefix='data/cityscapes/cityscapes/gtFine/val',
        pipeline=[
            dict(type='LoadImageFromFile'),
            dict(
                type='MultiScaleFlipAug',
                img_scale=(640, 640),
                flip=False,
                transforms=[
                    dict(type='Resize', keep_ratio=True),
                    dict(type='RandomFlip'),
                    dict(
                        type='Normalize',
                        mean=[123.675, 116.28, 103.53],
                        std=[58.395, 57.12, 57.375],
                        to_rgb=True),
                    dict(type='Pad', size_divisor=128),
                    dict(type='ImageToTensor', keys=['img']),
                    dict(type='Collect', keys=['img'])
                ])
        ]),
    test=dict(
        type='CocoDataset',
        ann_file=
        'data/cityscapes/cityscapes/annotations/instancesonly_filtered_gtFine_test.json',
        img_prefix='data/cityscapes/cityscapes/gtFine/test',
        pipeline=[
            dict(type='LoadImageFromFile'),
            dict(
                type='MultiScaleFlipAug',
                img_scale=(640, 640),
                flip=False,
                transforms=[
                    dict(type='Resize', keep_ratio=True),
                    dict(type='RandomFlip'),
                    dict(
                        type='Normalize',
                        mean=[123.675, 116.28, 103.53],
                        std=[58.395, 57.12, 57.375],
                        to_rgb=True),
                    dict(type='Pad', size_divisor=128),
                    dict(type='ImageToTensor', keys=['img']),
                    dict(type='Collect', keys=['img'])
                ])
        ]))
evaluation = dict(interval=1, metric='bbox')
optimizer = dict(
    type='SGD',
    lr=0.07,
    momentum=0.9,
    weight_decay=4e-05,
    paramwise_options=dict(norm_decay_mult=0))
optimizer_config = dict(grad_clip=dict(max_norm=10, norm_type=2))
lr_config = dict(
    policy='step',
    warmup='linear',
    warmup_iters=8000,
    warmup_ratio=0.1,
    step=[320, 340])
checkpoint_config = dict(interval=1)
log_config = dict(interval=50, hooks=[dict(type='TextLoggerHook')])
total_epochs = 50
dist_params = dict(backend='nccl')
log_level = 'INFO'
work_dir = './work_dirs/spinenet_49S_B/'
load_from = None
resume_from = './checkpoints'
workflow = [('train', 1)]
gpu_ids = range(0, 1)

